19:54:45 **** Incremental Build of configuration Debug for project STM_Led_Blink ****
make -j16 all 
arm-none-eabi-gcc "../Core/Src/stm32f4xx_it.c" -mcpu=cortex-m4 -std=gnu11 -g3 -DDEBUG -DUSE_HAL_DRIVER -DSTM32F429xx -c -I../Core/Inc -I../Drivers/STM32F4xx_HAL_Driver/Inc -I../Drivers/STM32F4xx_HAL_Driver/Inc/Legacy -I../Drivers/CMSIS/Device/ST/STM32F4xx/Include -I../Drivers/CMSIS/Include -O0 -ffunction-sections -fdata-sections -Wall -fstack-usage -MMD -MP -MF"Core/Src/stm32f4xx_it.d" -MT"Core/Src/stm32f4xx_it.o" --specs=nano.specs -mfpu=fpv4-sp-d16 -mfloat-abi=hard -mthumb -o "Core/Src/stm32f4xx_it.o"
In file included from ../Core/Src/stm32f4xx_it.c:23:
../Core/Src/main.cpp:25:10: fatal error: Codec.h: No such file or directory
   25 | #include "Codec.h"
      |          ^~~~~~~~~
compilation terminated.
make: *** [Core/Src/subdir.mk:31: Core/Src/stm32f4xx_it.o] Error 1
"make -j16 all" terminated with exit code 2. Build might be incomplete.

19:54:46 Build Failed. 2 errors, 0 warnings. (took 227ms)

